
RAX: 0x0000000000000000
RBX: 0x0000000000111038
RCX: 0x0000000000000020
RDX: 0x0000000000000010
RSI: 0x0000000000212200
RDI: 0x0000000000111038
RSP: 0x0000000000110F80
RBP: 0x0000000000000000

RAX: 0x0000000000000000
RBX: 0x0000000000111038
RCX: 0x0000000000000020
RDX: 0x0000000000000010
RSI: 0x0000000000212200
RDI: 0x0000000000111038
RSP: 0x0000000000110F80
RBP: 0x0000000000000000

RAX: 0x0000000000000010
RBX: 0x0000000000111038
RCX: 0x0000000000000020
RDX: 0x0000000000000010
RSI: 0x0000000000212200
RDI: 0x0000000000111038
RSP: 0x0000000000110F80
RBP: 0x0000000000000000
