Servicing hardware INT=0x0e
Servicing hardware INT=0x0e
Servicing hardware INT=0x08
Servicing hardware INT=0x0e
Servicing hardware INT=0x0e
Servicing hardware INT=0x08
Servicing hardware INT=0x0e
Servicing hardware INT=0x0e
Servicing hardware INT=0x08
Servicing hardware INT=0x08
Servicing hardware INT=0x08
Servicing hardware INT=0x08
Servicing hardware INT=0x08
Servicing hardware INT=0x08
Servicing hardware INT=0x20
     0: v=20 e=0000 i=0 cpl=0 IP=0008:0000000000102aa2 pc=0000000000102aa2 SP=0010:000000000053c9e0 env->regs[R_EAX]=0000000000000276
RAX=0000000000000276 RBX=00000000000000fa RCX=0000000000000000 RDX=0000000000000064
RSI=0000000000000000 RDI=0000000000000064 RBP=0000000000000000 RSP=000000000053c9e0
R8 =00000000000b8e60 R9 =0000000000000720 R10=0000000000000020 R11=0000000000000000
R12=000000000052f1f1 R13=000000000052f1e8 R14=000000000052f1e0 R15=000000000052f1d8
RIP=0000000000102aa2 RFL=00000202 [-------] CPL=0 II=0 A20=1 SMM=0 HLT=0
ES =0010 0000000000000000 ffffffff 00cf9300 DPL=0 DS   [-WA]
CS =0008 0000000000000000 ffffffff 00af9a00 DPL=0 CS64 [-R-]
SS =0010 0000000000000000 ffffffff 00cf9300 DPL=0 DS   [-WA]
DS =0010 0000000000000000 ffffffff 00cf9300 DPL=0 DS   [-WA]
FS =0010 0000000000000000 ffffffff 00cf9300 DPL=0 DS   [-WA]
GS =0010 0000000000000000 ffffffff 00cf9300 DPL=0 DS   [-WA]
LDT=0000 0000000000000000 0000ffff 00008200 DPL=0 LDT
TR =0028 00000000005383a0 0000006f 00008900 DPL=0 TSS64-avl
GDT=     0000000000536350 00000037
IDT=     0000000000535340 00000fff
CR0=80000033 CR2=0000000000000000 CR3=0000000000129000 CR4=00000620
DR0=0000000000000000 DR1=0000000000000000 DR2=0000000000000000 DR3=0000000000000000 
DR6=00000000ffff0ff0 DR7=0000000000000400
CCS=0000000000000000 CCD=0000000000000276 CCO=EFLAGS
EFER=0000000000000500
check_exception old: 0xffffffff new 0xd
     1: v=0d e=0102 i=0 cpl=0 IP=0008:0000000000102aa2 pc=0000000000102aa2 SP=0010:000000000053c9e0 env->regs[R_EAX]=0000000000000276
RAX=0000000000000276 RBX=00000000000000fa RCX=0000000000000000 RDX=0000000000000064
RSI=0000000000000000 RDI=0000000000000064 RBP=0000000000000000 RSP=000000000053c9e0
R8 =00000000000b8e60 R9 =0000000000000720 R10=0000000000000020 R11=0000000000000000
R12=000000000052f1f1 R13=000000000052f1e8 R14=000000000052f1e0 R15=000000000052f1d8
RIP=0000000000102aa2 RFL=00000202 [-------] CPL=0 II=0 A20=1 SMM=0 HLT=0
ES =0010 0000000000000000 ffffffff 00cf9300 DPL=0 DS   [-WA]
CS =0008 0000000000000000 ffffffff 00af9a00 DPL=0 CS64 [-R-]
SS =0010 0000000000000000 ffffffff 00cf9300 DPL=0 DS   [-WA]
DS =0010 0000000000000000 ffffffff 00cf9300 DPL=0 DS   [-WA]
FS =0010 0000000000000000 ffffffff 00cf9300 DPL=0 DS   [-WA]
GS =0010 0000000000000000 ffffffff 00cf9300 DPL=0 DS   [-WA]
LDT=0000 0000000000000000 0000ffff 00008200 DPL=0 LDT
TR =0028 00000000005383a0 0000006f 00008900 DPL=0 TSS64-avl
GDT=     0000000000536350 00000037
IDT=     0000000000535340 00000fff
CR0=80000033 CR2=0000000000000000 CR3=0000000000129000 CR4=00000620
DR0=0000000000000000 DR1=0000000000000000 DR2=0000000000000000 DR3=0000000000000000 
DR6=00000000ffff0ff0 DR7=0000000000000400
CCS=0000000000000000 CCD=0000000000000276 CCO=EFLAGS
EFER=0000000000000500
check_exception old: 0xd new 0xd
     2: v=08 e=0000 i=0 cpl=0 IP=0008:0000000000102aa2 pc=0000000000102aa2 SP=0010:000000000053c9e0 env->regs[R_EAX]=0000000000000276
RAX=0000000000000276 RBX=00000000000000fa RCX=0000000000000000 RDX=0000000000000064
RSI=0000000000000000 RDI=0000000000000064 RBP=0000000000000000 RSP=000000000053c9e0
R8 =00000000000b8e60 R9 =0000000000000720 R10=0000000000000020 R11=0000000000000000
R12=000000000052f1f1 R13=000000000052f1e8 R14=000000000052f1e0 R15=000000000052f1d8
RIP=0000000000102aa2 RFL=00000202 [-------] CPL=0 II=0 A20=1 SMM=0 HLT=0
ES =0010 0000000000000000 ffffffff 00cf9300 DPL=0 DS   [-WA]
CS =0008 0000000000000000 ffffffff 00af9a00 DPL=0 CS64 [-R-]
SS =0010 0000000000000000 ffffffff 00cf9300 DPL=0 DS   [-WA]
DS =0010 0000000000000000 ffffffff 00cf9300 DPL=0 DS   [-WA]
FS =0010 0000000000000000 ffffffff 00cf9300 DPL=0 DS   [-WA]
GS =0010 0000000000000000 ffffffff 00cf9300 DPL=0 DS   [-WA]
LDT=0000 0000000000000000 0000ffff 00008200 DPL=0 LDT
TR =0028 00000000005383a0 0000006f 00008900 DPL=0 TSS64-avl
GDT=     0000000000536350 00000037
IDT=     0000000000535340 00000fff
CR0=80000033 CR2=0000000000000000 CR3=0000000000129000 CR4=00000620
DR0=0000000000000000 DR1=0000000000000000 DR2=0000000000000000 DR3=0000000000000000 
DR6=00000000ffff0ff0 DR7=0000000000000400
CCS=0000000000000000 CCD=0000000000000276 CCO=EFLAGS
EFER=0000000000000500
check_exception old: 0x8 new 0xd
