GDT base: 0x000000000012F068
After GDT Setup
 RAX=0x00000000005397E8 RBX=0x0000000000588090 RCX=0x00000000001194D8 RDX=0x00000000000003F8
 RSI=0x000000000000000A RDI=0x000000000000000A RBP=0x000000000000000A RSP=0x000000000012EF50
 R8=0x00000000005397E8 R9=0x000000000012A718 R10=0x0000000000000000 R11=0x00000000000B8AA0
 R12=0x00000000005397E8 R13=0x0000000000538FF0 R14=0x00000000001194D8 R15=0x0000000000588090
IDTPtr.sizeof=0x000000000000000A
&idt_ptr=0x0000000000132120
idt_ptr.base=0x0000000000131120 limit=0x0000000000000FFF
IDT base loaded: 0x0000000000131120
IDT ptr base after init: 0x0000000000131120
Hello from logger!
Address of logBuffer: 
anonymOS: Core Arch & Terminal Initialized.
Boot info ptr: 0x0000000000588090
0x0000000000588090: A0 05 00 00 00 00 00 00 15 00 00 00 0C 00 00 00
0x00000000005880A0: 00 00 10 00 00 00 00 00 01 00 00 00 09 00 00 00
0x00000000005880B0: 00 00 00 00 00 00 00 00 02 00 00 00 12 00 00 00
0x00000000005880C0: 47 52 55 42 20 32 2E 31 32 00 00 00 00 00 00 00
Initial Registers
 RAX=0x00000000005397E8 RBX=0x0000000000588090 RCX=0x000000000012A718 RDX=0x0000000000000720
 RSI=0x00000000000000A0 RDI=0x00000000000B8000 RBP=0x00000000000000A0 RSP=0x000000000012EF50
 R8=0x00000000000B8E60 R9=0x0000000000000020 R10=0x0000000000000000 R11=0x00000000000B8000
 R12=0x00000000005397E8 R13=0x0000000000538FF0 R14=0x000000000012A718 R15=0x0000000000588090
Initializing CPU features & early hardware...
Initializing Memory Management (Frames, Paging, Heap)...
After Memory Init
 RAX=0x00000000005397E8 RBX=0x0000000000588090 RCX=0x000000000012A718 RDX=0x0000000000000720
 RSI=0x00000000000000A0 RDI=0x00000000000B8000 RBP=0x00000000000000A0 RSP=0x000000000012EF50
 R8=0x00000000000B8E60 R9=0x0000000000000720 R10=0x0000000000000000 R11=0x00000000000B8000
 R12=0x00000000005397E8 R13=0x0000000000538FF0 R14=0x000000000012A718 R15=0x0000000000588090
First 64 bytes of boot info:
0x0000000000588090: A0 05 00 00 00 00 00 00 15 00 00 00 0C 00 00 00
0x00000000005880A0: 00 00 10 00 00 00 00 00 01 00 00 00 09 00 00 00
0x00000000005880B0: 00 00 00 00 00 00 00 00 02 00 00 00 12 00 00 00
0x00000000005880C0: 47 52 55 42 20 32 2E 31 32 00 00 00 00 00 00 00
Initializing Core OS Managers...
Object graph cycle detected
Initializing remaining Drivers & Kernel Services...
net_init complete
network stack initialized
vmm initialized
scheduler_init
Kernel container service initialized.
Initializing Filesystem (e.g., initrd)...
Filesystem initialized
Temporary user 'setup' created for initial account setup.
All subsystems (stubs) initialized.
Before Init Process
 RAX=0x00000000005397E8 RBX=0x0000000000588090 RCX=0x000000000012A718 RDX=0x0000000000000720
 RSI=0x00000000000000A0 RDI=0x0000000000000000 RBP=0x00000000000000A0 RSP=0x000000000012EF50
 R8=0x0000000000000E60 R9=0x0000000000000720 R10=0x0000000000000000 R11=0x0000000000000000
 R12=0x00000000005397E8 R13=0x0000000000538FF0 R14=0x000000000012A718 R15=0x0000000000588090
Boot info snapshot:
0x0000000000588090: A0 05 00 00 00 00 00 00 15 00 00 00 0C 00 00 00
0x00000000005880A0: 00 00 10 00 00 00 00 00 01 00 00 00 09 00 00 00
0x00000000005880B0: 00 00 00 00 00 00 00 00 02 00 00 00 12 00 00 00
0x00000000005880C0: 47 52 55 42 20 32 2E 31 32 00 00 00 00 00 00 00
Attempting to launch Init Process...
DEBUG: shMain() starting...
DEBUG: Screen cleared
DEBUG: Title printed
DEBUG: Subtitle printed
DEBUG: About to setup first user
DEBUG: First user setup complete
DEBUG: Default aliases setup complete
DEBUG: Default environment setup complete
DEBUG: Commands message printed
DEBUG: Help message printed
DEBUG: About to call shInteractive()
DEBUG: shInteractive() starting...
DEBUG: About to print prompt
DEBUG: Prompt printed, initializing input buffer
DEBUG: About to read input
DEBUG: Calling keyboard_getchar()
