c[?7l[2J[0mSeaBIOS (version rel-1.16.3-0-ga6ed6b701f0a-prebuilt.qemu.org)


iPXE (http://ipxe.org) 00:03.0 CA00 PCI2.10 PnP PMM+1EFD0FC0+1EF30FC0 CA00
Press Ctrl-B to configure iPXE (PCI 00:03.0)...                                                                               


Booting from Hard Disk...
Boot failed: could not read the boot disk

Booting from Floppy...
Boot failed: could not read the boot disk

Booting from DVD/CD...
[0;30;47mWelcome to GRUB!

[01;01H[0m[2J[02;30HGNU GRUB  version 2.12[04;02Hâ”Œâ”€â”€â”€â”€â”€â”€â”€â”€â”€â”€â”€â”€â”€â”€â”€â”€â”€â”€â”€â”€â”€â”€â”€â”€â”€â”€â”€â”€â”€â”€â”€â”€â”€â”€â”€â”€â”€â”€â”€â”€â”€â”€â”€â”€â”€â”€â”€â”€â”€â”€â”€â”€â”€â”€â”€â”€â”€â”€â”€â”€â”€â”€â”€â”€â”€â”€â”€â”€â”€â”€â”€â”€â”€â”€â”€â”€â”[05;02Hâ”‚[05;79Hâ”‚[06;02Hâ”‚[06;79Hâ”‚[07;02Hâ”‚[07;79Hâ”‚[08;02Hâ”‚[08;79Hâ”‚[09;02Hâ”‚[09;79Hâ”‚[10;02Hâ”‚[10;79Hâ”‚[11;02Hâ”‚[11;79Hâ”‚[12;02Hâ”‚[12;79Hâ”‚[13;02Hâ”‚[13;79Hâ”‚[14;02Hâ”‚[14;79Hâ”‚[15;02Hâ”‚[15;79Hâ”‚[16;02Hâ”‚[16;79Hâ”‚[17;02Hâ”‚[17;79Hâ”‚[18;02Hâ””â”€â”€â”€â”€â”€â”€â”€â”€â”€â”€â”€â”€â”€â”€â”€â”€â”€â”€â”€â”€â”€â”€â”€â”€â”€â”€â”€â”€â”€â”€â”€â”€â”€â”€â”€â”€â”€â”€â”€â”€â”€â”€â”€â”€â”€â”€â”€â”€â”€â”€â”€â”€â”€â”€â”€â”€â”€â”€â”€â”€â”€â”€â”€â”€â”€â”€â”€â”€â”€â”€â”€â”€â”€â”€â”€â”€â”˜[20;02H     Use the â†‘ and â†“ keys to select which entry is highlighted.          
      Press enter to boot the selected OS, `e' to edit the commands       
      before booting or `c' for a command-line.                           [05;80H [05;03H[0;30;47m*anonymOS                                                                   [06;03H[0m                                                                            [07;03H                                                                            [08;03H                                                                            [09;03H                                                                            [10;03H                                                                            [11;03H                                                                            [12;03H                                                                            [13;03H  [13;04H[13;05H                                                                          [14;03H                                                                            [15;03H                                                                            [16;03H                                                                            [17;03H                                                                            [17;80H 





   The highlighted entry will [23;30H[23;31Hbe executed automatically in 3s.                 [05;78H

















   The highlighted entry will be executed automatically in 2s.                 [05;78H

















   The highlighted entry will be executed automatically in 1s.                 [05;78H

















   The highlighted entry will be executed automatically in 0s.                 [01;01H[2J[2J  Booting `anonymOS'

GDT base: 0x000000000011B068
After GDT Setup
 RAX=0x00000000002257C0 RBX=0x0000000000264780 RCX=0x00000000001144D8 RDX=0x00000000000003F8
 RSI=0x000000000000000A RDI=0x000000000000000A RBP=0x000000000000000A RSP=0x000000000011AF50
 R8=0x00000000002257C0 R9=0x0000000000116768 R10=0x0000000000000000 R11=0x00000000000B8AA0
 R12=0x00000000002257C0 R13=0x0000000000224FF0 R14=0x00000000001144D8 R15=0x0000000000264780
IDTPtr.sizeof=0x000000000000000A
&idt_ptr=0x000000000011E120
idt_ptr.base=0x000000000011D120 limit=0x0000000000000FFF
IDT base loaded: 0x000000000011D120
IDT ptr base after init: 0x000000000011D120
Hello from logger!
Address of logBuffer: 
anonymOS: Core Arch & Terminal Initialized.
Boot info ptr: 0x0000000000264780
0x0000000000264780: A0 05 00 00 00 00 00 00 15 00 00 00 0C 00 00 00
0x0000000000264790: 00 00 10 00 00 00 00 00 01 00 00 00 09 00 00 00
0x00000000002647A0: 00 00 00 00 00 00 00 00 02 00 00 00 12 00 00 00
0x00000000002647B0: 47 52 55 42 20 32 2E 31 32 00 00 00 00 00 00 00
Initial Registers
 RAX=0x00000000002257C0 RBX=0x0000000000264780 RCX=0x0000000000116768 RDX=0x0000000000000720
 RSI=0x00000000000000A0 RDI=0x00000000000B8000 RBP=0x00000000000000A0 RSP=0x000000000011AF50
 R8=0x00000000000B8E60 R9=0x0000000000000020 R10=0x0000000000000000 R11=0x00000000000B8000
 R12=0x00000000002257C0 R13=0x0000000000224FF0 R14=0x0000000000116768 R15=0x0000000000264780
Initializing CPU features & early hardware...
Initializing Memory Management (Frames, Paging, Heap)...
After Memory Init
 RAX=0x00000000002257C0 RBX=0x0000000000264780 RCX=0x0000000000116768 RDX=0x0000000000000720
 RSI=0x00000000000000A0 RDI=0x00000000000B8000 RBP=0x00000000000000A0 RSP=0x000000000011AF50
 R8=0x00000000000B8E60 R9=0x0000000000000720 R10=0x0000000000000000 R11=0x00000000000B8000
 R12=0x00000000002257C0 R13=0x0000000000224FF0 R14=0x0000000000116768 R15=0x0000000000264780
First 64 bytes of boot info:
0x0000000000264780: A0 05 00 00 00 00 00 00 15 00 00 00 0C 00 00 00
0x0000000000264790: 00 00 10 00 00 00 00 00 01 00 00 00 09 00 00 00
0x00000000002647A0: 00 00 00 00 00 00 00 00 02 00 00 00 12 00 00 00
0x00000000002647B0: 47 52 55 42 20 32 2E 31 32 00 00 00 00 00 00 00
Initializing Core OS Managers...
Object graph cycle detected
Initializing remaining Drivers & Kernel Services...
net_init complete
network stack initialized
vmm initialized
scheduler_init
Kernel container service initialized.
Initializing Filesystem (e.g., initrd)...
Filesystem initialized
Temporary user 'setup' created for initial account setup.
All subsystems (stubs) initialized.
Before Init Process
 RAX=0x00000000002257C0 RBX=0x0000000000264780 RCX=0x0000000000116768 RDX=0x0000000000000720
 RSI=0x00000000000000A0 RDI=0x0000000000000000 RBP=0x00000000000000A0 RSP=0x000000000011AF50
 R8=0x0000000000000E60 R9=0x0000000000000720 R10=0x0000000000000000 R11=0x0000000000000000
 R12=0x00000000002257C0 R13=0x0000000000224FF0 R14=0x0000000000116768 R15=0x0000000000264780
Boot info snapshot:
0x0000000000264780: A0 05 00 00 00 00 00 00 15 00 00 00 0C 00 00 00
0x0000000000264790: 00 00 10 00 00 00 00 00 01 00 00 00 09 00 00 00
0x00000000002647A0: 00 00 00 00 00 00 00 00 02 00 00 00 12 00 00 00
0x00000000002647B0: 47 52 55 42 20 32 2E 31 32 00 00 00 00 00 00 00
Attempting to launch Init Process...
Running OS sanity checks...
Object graph cycle detected
[FAIL] Object tree invalid
[OK] Filesystem present
Process count: 0x0000000000000000
User count: 0x0000000000000002
Using bundled dmd if available
Using precompiled -sh binary if available
Starting -sh shell...
FAILED to allocate user stack for process - DMD needs memory!
Shell exited
 RAX=0x00000000002257C0 RBX=0x0000000000264780 RCX=0x0000000000116768 RDX=0x0000000000000720
 RSI=0x00000000000000A0 RDI=0x0000000000000000 RBP=0x00000000000000A0 RSP=0x000000000011AF50
 R8=0x0000000000000E60 R9=0x0000000000000020 R10=0x0000000000000000 R11=0x0000000000000000
 R12=0x00000000002257C0 R13=0x0000000000224FF0 R14=0x0000000000116768 R15=0x0000000000264780
Shell exited or failed to initialize.
