anonymOS booting...
Initializing GDT...
  GDT Entry Size: 0x8
  Num GDT Entries: 0x7
  Total GDT Size: 0x38
  Calculated GDT Limit: 0x37
set gdt entry
kernel code segment
kernel data segment
user code segment
user data segment
task segment descriptor
  GDT Ptr Limit: 0x37
  GDT Ptr Base: 0x536350
  &gdt_entries[0] = 0x536350
  &gdt_ptr = 0x536388
Flushing GDT...
GDT flushed.
GDT base: 0x0000000000536350
After GDT Setup
 RAX=0x000000000000000A RBX=0x0000000000590A80 RCX=0x0000000000126730 RDX=0x00000000000003F8
 RSI=0x000000000000000A RDI=0x00000000000003F8 RBP=0x000000000000000A RSP=0x000000000053CC60
 R8=0x00000000000000A0 R9=0x00000000000B8F00 R10=0x0000000000000000 R11=0x0000000000000000
 R12=0x000000000000000A R13=0x0000000000538B48 R14=0x0000000000126730 R15=0x0000000000590A80
Calling remap_pic()
Initializing IDT...
IDTPtr.sizeof=0x000000000000000A
&idt_ptr=0x0000000000536340
idt_ptr.base=0x0000000000535340 limit=0x0000000000000FFF
IDT base loaded: 0x0000000000535340
IDT loaded.
IDT ptr base after init: 0x0000000000535340
Hello from logger!
Address of logBuffer: 
anonymOS: Core Arch & Terminal Initialized.
Boot info ptr: 0x0000000000590A80
0x0000000000590A80: 60 05 00 00 00 00 00 00 15 00 00 00 0C 00 00 00
0x0000000000590A90: 00 00 10 00 00 00 00 00 01 00 00 00 09 00 00 00
0x0000000000590AA0: 00 00 00 00 00 00 00 00 02 00 00 00 12 00 00 00
0x0000000000590AB0: 47 52 55 42 20 32 2E 31 32 00 00 00 00 00 00 00
Initial Registers
 RAX=0x000000000000000A RBX=0x0000000000590A80 RCX=0x0000000000126730 RDX=0x00000000000003F8
 RSI=0x000000000000000A RDI=0x00000000000003F8 RBP=0x000000000000000A RSP=0x000000000053CC60
 R8=0x00000000000B8F00 R9=0x00000000000B8F00 R10=0x0000000000000000 R11=0x0000000000000000
 R12=0x000000000000000A R13=0x0000000000538B48 R14=0x0000000000126730 R15=0x0000000000590A80
Initializing CPU features & early hardware...
Initializing CPU features...
Initializing Memory Management (Frames, Paging, Heap)...
Initializing memory management...
After Memory Init
 RAX=0x000000000000000A RBX=0x0000000000590A80 RCX=0x0000000000126730 RDX=0x00000000000003F8
 RSI=0x000000000000000A RDI=0x00000000000003F8 RBP=0x000000000000000A RSP=0x000000000053CC60
 R8=0x00000000000B8F00 R9=0x00000000000B8F00 R10=0x0000000000000000 R11=0x0000000000000000
 R12=0x000000000000000A R13=0x0000000000538B48 R14=0x0000000000126730 R15=0x0000000000590A80
First 64 bytes of boot info:
0x0000000000590A80: 60 05 00 00 00 00 00 00 15 00 00 00 0C 00 00 00
0x0000000000590A90: 00 00 10 00 00 00 00 00 01 00 00 00 09 00 00 00
0x0000000000590AA0: 00 00 00 00 00 00 00 00 02 00 00 00 12 00 00 00
0x0000000000590AB0: 47 52 55 42 20 32 2E 31 32 00 00 00 00 00 00 00
Initializing Core OS Managers...
Setting up core managers...
Object graph cycle detected
Initializing remaining Drivers & Kernel Services...
Starting drivers and services...
vmm initialized
scheduler_init
Kernel container service initialized.
Initializing Filesystem (e.g., initrd)...
Mounting filesystem...
Filesystem initialized
Temporary user 'setup' created for initial account setup.
All subsystems (stubs) initialized. Launching built-in shell early.
*** STACK ALLOCATED for process 0x0000000000000000 size=0x0000000000040000 addr=0x000000000012E8B0 ***
*** RUNNING process 0x0000000000000000 with ALLOCATED STACK at 0x000000000012E8B0 entry=0x000000000010A2A0 ***
=== anonymOS Comprehensive Shell ===

