videotest: font gfxmenu video
odc: archelp
loopback:
macho:
gcry_des: crypto
memrw:
f2fs: fshelp
part_gpt:
romfs: fshelp
read:
gcry_arcfour: crypto
tftp: net
newc: archelp
minix2_be:
afsplitter: crypto
elf:
videotest_checksum: font functional_test video_fb
password_pbkdf2: crypto gcry_sha512 normal pbkdf2
gcry_seed: crypto
sfs: fshelp
reiserfs: fshelp
part_sunpc:
zstd:
gfxmenu: bitmap bitmap_scale font gfxterm normal trig video video_colors
backtrace:
jfs:
help: normal
configfile: normal
gfxterm_menu: font functional_test normal procfs video_fb
gcry_idea: crypto
tr:
shift_test: functional_test
afs: fshelp
xzio: crypto
syslinuxcfg: normal
search_fs_file:
test_blockarg: normal
true:
affs: fshelp
iso9660: fshelp
exfat: fshelp
setjmp_test: functional_test setjmp
gfxterm: font video
disk:
xfs: fshelp
testspeed: normal
cpio_be: archelp
functional_test: btrfs video video_fb
bswap_test: functional_test
sleep: normal
memdisk:
gcry_rijndael: crypto
mdraid09_be: diskfilter
gettext:
gcry_sha1: crypto
hfspluscomp: gzio hfsplus
cmp:
offsetio:
file: elf macho offsetio
video_colors:
hashsum: crypto normal
halt:
gfxterm_background: bitmap bitmap_scale gfxterm video video_colors
search_fs_uuid:
gcry_dsa: mpi pgp
keystatus:
linux: elf file relocator
geli: crypto cryptodisk gcry_sha256 gcry_sha512 pbkdf2
cmdline_cat_test: font functional_test normal procfs video_fb
part_sun:
pbkdf2_test: functional_test gcry_sha1 pbkdf2
bufio:
legacy_password_test: functional_test legacycfg
cpuid:
bfs: fshelp
gcry_blowfish: crypto
test:
nilfs2: fshelp
gcry_rsa: mpi pgp
cryptodisk: crypto procfs
minicmd:
signature_test: functional_test procfs
udf: fshelp
gzio: gcry_crc
xnu_uuid: gcry_md5
mul_test: functional_test
adler32: crypto
terminal:
div:
crypto:
part_bsd: part_msdos
luks2: afsplitter crypto cryptodisk json pbkdf2
gcry_sha512: crypto
password: crypto normal
fshelp:
sleep_test: datetime functional_test
bli: part_gpt
exfctest: functional_test
zfsinfo: zfs
ldm: diskfilter part_gpt part_msdos
eval: normal
part_dvh:
ext2: fshelp
blocklist:
net: bufio datetime priority_queue
part_acorn:
videoinfo: video
btrfs: gzio lzopio raid6rec zstd
lsmmap:
strtoull_test: functional_test
bitmap:
ntfs: fshelp
gcry_crc: crypto
png: bitmap bufio
json:
jpeg: bitmap bufio
macbless: disk
div_test: div functional_test
regexp: normal
parttool: normal
cpio: archelp
gcry_rmd160: crypto
fat: fshelp
ufs1_be:
archelp:
http: net
zfs: gzio
raid6rec: diskfilter
minix2:
datehook: datetime
loadenv: disk
bitmap_scale: bitmap
probe:
minix3:
tar: archelp
hfs: fshelp
procfs: archelp
progress: normal
kernel:
lsxen:
relocator:
tga: bitmap bufio
reboot:
zfscrypt: crypto gcry_rijndael gcry_sha1 pbkdf2 zfs
dm_nv: diskfilter
cmp_test: functional_test
luks: afsplitter crypto cryptodisk pbkdf2
font: bufio video
raid5rec: diskfilter
crc64: crypto
datetime:
ctz_test: functional_test
video:
hfsplus: fshelp
gcry_cast5: crypto
squash4: fshelp gzio lzopio xzio
part_plan:
minix_be:
gcry_whirlpool: crypto
gcry_tiger: crypto
search: search_fs_file search_fs_uuid search_label
video_fb:
minix3_be:
trig:
msdospart: disk parttool
priority_queue:
gcry_twofish: crypto
plainmount: crypto cryptodisk
part_dfly:
xnu_uuid_test: functional_test
diskfilter:
testload:
part_apple:
hexdump:
date: datetime
pbkdf2: crypto
gcry_sha256: crypto
ls: datetime normal
ntfscomp: ntfs
lzopio: crypto
hello:
scsi:
cat:
pgp: crypto gcry_sha1 mpi
normal: bufio crypto datetime gettext net terminal
ufs1:
mdraid09: diskfilter
lvm: diskfilter
cbfs: archelp
ufs2:
time:
gptsync: disk
search_label:
setjmp:
gcry_rfc2268: crypto
mdraid1x: diskfilter
mpi: crypto
legacycfg: crypto gcry_md5 normal password
part_amiga:
minix:
echo:
gcry_serpent: crypto
gcry_md4: crypto
gcry_md5: crypto
part_msdos:
gcry_camellia: crypto
all_video:
